<?xml version="1.0" encoding="utf-8"?><testsuites name="pytest tests"><testsuite name="pytest" errors="0" failures="0" skipped="1" tests="103" time="32.610" timestamp="2026-09-05T09:22:52.183300+00:00" hostname="localhost"><testcase classname="tests.unit.execution_scheduler.test_execution_scheduler.ExecutionSchedulerTests" name="test_canonical_event_evidence_fields_snapshot_and_parent_trace" time="0.025" /><testcase classname="tests.unit.execution_scheduler.test_execution_scheduler.ExecutionSchedulerTests" name="test_create_run_rejects_cycle" time="0.001" /><testcase classname="tests.unit.execution_scheduler.test_execution_scheduler.ExecutionSchedulerTests" name="test_event_first_projection_replay_trace_and_illegal_transition" time="0.001" /><testcase classname="tests.unit.execution_scheduler.test_execution_scheduler.ExecutionSchedulerTests" name="test_idempotency_key_reuse_with_different_side_effect_is_rejected" time="0.001" /><testcase classname="tests.unit.execution_scheduler.test_execution_scheduler.ExecutionSchedulerTests" name="test_local_executor_rejects_windows_style_workspace_escape" time="0.001" /><testcase classname="tests.unit.execution_scheduler.test_execution_scheduler.ExecutionSchedulerTests" name="test_resource_monitor_updates_required_runtime_signals" time="0.000" /><testcase classname="tests.unit.execution_scheduler.test_execution_scheduler.ExecutionSchedulerTests" name="test_scheduler_hard_filters_privacy_and_falls_back_without_ortools" time="0.002" /><testcase classname="tests.unit.execution_scheduler.test_execution_scheduler.ExecutionSchedulerTests" name="test_service_runs_dependency_dag_and_updates_posteriors" time="0.016" /><testcase classname="tests.unit.execution_scheduler.test_execution_scheduler.ExecutionSchedulerTests" name="test_tool_runtime_checks_permission_and_executes_idempotently" time="0.001" /><testcase classname="tests.unit.execution_scheduler.test_scheduler_capacity_backpressure" name="test_ortools_uses_capacity_bounded_subsets_without_greedy_fallback" time="0.001"><skipped type="pytest.skip" message="optional scheduler dependency; START_MOSAIC installs .[all]">/mnt/data/mosaic_work/MOSAIC-Omega-V3-XH202631-Product-First-v1.9.0/tests/unit/execution_scheduler/test_scheduler_capacity_backpressure.py:19: optional scheduler dependency; START_MOSAIC installs .[all]</skipped></testcase><testcase classname="tests.unit.goalspec.test_basic.TestGoalSpecCompiler" name="test_rule_compile_required_fields" time="0.002" /><testcase classname="tests.unit.goalspec.test_basic.TestGoalSpecCompiler" name="test_rule_validation" time="0.001" /><testcase classname="tests.unit.goalspec.test_compiler_v3" name="test_enhanced_constraint" time="0.001" /><testcase classname="tests.unit.goalspec.test_schema_contract" name="test_compiler_output_matches_packaged_schema" time="0.001" /><testcase classname="tests.unit.goalspec.test_schema_contract" name="test_extra_root_field_is_rejected" time="0.001" /><testcase classname="tests.unit.memory_recovery.test_context_budget_and_metrics" name="test_optional_content_truncates_before_hard_constraints" time="0.002" /><testcase classname="tests.unit.memory_recovery.test_context_budget_and_metrics" name="test_metrics_export_required_indicators" time="0.001" /><testcase classname="tests.unit.memory_recovery.test_invalidation" name="test_evidence_invalidation_propagates_and_retriever_filters" time="0.001" /><testcase classname="tests.unit.memory_recovery.test_invalidation" name="test_rejected_memory_never_returns_as_valid_fact" time="0.001" /><testcase classname="tests.unit.memory_recovery.test_long_context_recall" name="test_1000_step_context_keeps_goal_constraints_and_is_bounded" time="0.042" /><testcase classname="tests.unit.memory_recovery.test_memory_contract" name="test_goalspec_core_is_noncompressible_and_schema_compatible" time="0.001" /><testcase classname="tests.unit.memory_recovery.test_memory_contract" name="test_memory_record_enforces_noncompressible_core" time="0.001" /><testcase classname="tests.unit.memory_recovery.test_redis_repository_contract" name="test_redis_repository_indexes_update_delete_and_evidence_query" time="0.001" /><testcase classname="tests.unit.memory_recovery.test_retrieval_and_permissions" name="test_retrieval_explicitly_joins_taskgraph_and_evidence" time="0.001" /><testcase classname="tests.unit.memory_recovery.test_retrieval_and_permissions" name="test_permission_is_hard_gate_even_for_hard_constraints" time="0.001" /><testcase classname="tests.unit.memory_recovery.test_vector_index_and_snapshot" name="test_vector_index_deletion_does_not_break_fact_recovery" time="0.001" /><testcase classname="tests.unit.memory_recovery.test_vector_index_and_snapshot" name="test_corrupt_snapshot_falls_back_to_previous_and_can_apply" time="0.003" /><testcase classname="tests.unit.observability.test_competition_control" name="test_control_plane_exposes_real_competition_operations" time="0.001" /><testcase classname="tests.unit.observability.test_competition_control" name="test_control_start_command_is_strict_real_api_and_shared_observability" time="0.001" /><testcase classname="tests.unit.observability.test_competition_control" name="test_frontend_has_real_control_buttons_and_no_demo_mode" time="0.001" /><testcase classname="tests.unit.observability.test_competition_control" name="test_scenario_command_enables_live_control" time="0.001" /><testcase classname="tests.unit.observability.test_competition_control" name="test_live_fault_request_is_queued_for_running_custom_task" time="0.027" /><testcase classname="tests.unit.observability.test_observability_console" name="test_main_chain_writes_read_only_dashboard_snapshot" time="0.361" /><testcase classname="tests.unit.observability.test_observability_console" name="test_structured_jsonl_log_has_handbook_fields" time="0.207" /><testcase classname="tests.unit.observability.test_observability_console" name="test_console_data_source_is_read_only_and_filters_events" time="0.208" /><testcase classname="tests.unit.observability.test_observability_console" name="test_console_frontend_is_self_contained_and_has_no_cdn_dependency" time="0.001" /><testcase classname="tests.unit.observability.test_product_first_console" name="test_product_first_frontend_has_application_before_observability" time="0.000" /><testcase classname="tests.unit.observability.test_product_first_console" name="test_provider_settings_never_return_secret" time="0.001" /><testcase classname="tests.unit.observability.test_product_first_console" name="test_public_control_dto_hides_machine_paths_and_pid" time="0.002" /><testcase classname="tests.unit.observability.test_product_first_console" name="test_remote_endpoint_registry_is_settings_only_and_summary_hides_address" time="0.001" /><testcase classname="tests.unit.observability.test_product_first_console" name="test_remote_endpoint_controls_are_real_backend_actions" time="0.001" /><testcase classname="tests.unit.observability.test_product_first_console" name="test_provider_secrets_are_isolated_per_provider_and_ollama_never_inherits_cloud_key" time="0.003" /><testcase classname="tests.unit.observability.test_product_first_console" name="test_public_redaction_covers_windows_spaces_linux_mounts_and_loopback_fragments" time="0.001" /><testcase classname="tests.unit.observability.test_product_first_console" name="test_artifact_preview_download_are_root_scoped_and_never_return_absolute_path" time="0.002" /><testcase classname="tests.unit.observability.test_product_first_console" name="test_frontend_uses_actual_dag_edges_measured_latency_semantics_and_artifact_actions" time="0.001" /><testcase classname="tests.unit.observability.test_ui_full_reaudit" name="test_every_static_button_declares_button_type_and_new_forms_are_actionable" time="0.001" /><testcase classname="tests.unit.observability.test_ui_full_reaudit" name="test_runtime_agent_ui_exposes_binding_transport_endpoint_and_assigned_truth" time="0.000" /><testcase classname="tests.unit.observability.test_ui_full_reaudit" name="test_long_horizon_default_shape_reaches_scalable_64_task_plan" time="0.001" /><testcase classname="tests.unit.test_architecture_guard" name="test_single_authority_classes_have_one_definition" time="0.276" /><testcase classname="tests.unit.test_architecture_guard" name="test_removed_duplicate_runtime_paths_do_not_return" time="0.000" /><testcase classname="tests.unit.test_architecture_guard" name="test_main_modules_are_top_level_packages" time="0.000" /><testcase classname="tests.unit.test_architecture_guard" name="test_scenarios_do_not_define_runtime_authorities" time="0.007" /><testcase classname="tests.unit.test_architecture_guard" name="test_console_has_no_runtime_mutation_imports" time="0.021" /><testcase classname="tests.unit.test_deepseek_agent" name="test_deepseek_agent_mode_has_provenance_and_no_mock" time="0.223" /><testcase classname="tests.unit.test_dynamic_model_and_agent" name="test_dynamic_agent_requires_explicit_adapter" time="0.003" /><testcase classname="tests.unit.test_dynamic_model_and_agent" name="test_dynamic_model_replacement_changes_bound_adapter_and_agent_lifecycle" time="0.730" /><testcase classname="tests.unit.test_mqtt_agent_adapter" name="test_real_mqtt_adapter_contract_keeps_toolruntime_authoritative" time="0.000" /><testcase classname="tests.unit.test_production_layout" name="test_production_layout_contains_only_required_state_services" time="0.000" /><testcase classname="tests.unit.test_scheduler_strict" name="test_production_ortools_mode_never_silently_falls_back" time="0.001" /><testcase classname="tests.unit.test_scheduler_strict" name="test_beta_posterior_changes_failure_cost" time="0.001" /><testcase classname="tests.unit.test_truthfulness_guards" name="test_llm_adapter_strict_mode_never_silently_falls_back" time="0.000" /><testcase classname="tests.unit.test_truthfulness_guards" name="test_explicit_developer_fallback_is_marked_not_real" time="0.000" /><testcase classname="tests.unit.test_truthfulness_guards" name="test_mock_run_snapshot_is_explicitly_rejected_as_real_agent" time="0.220" /><testcase classname="tests.unit.test_truthfulness_guards" name="test_task_status_has_authoritative_event_provenance" time="0.218" /><testcase classname="tests.unit.test_truthfulness_guards" name="test_frontend_has_no_synthetic_live_or_edge_score_defaults" time="0.001" /><testcase classname="tests.unit.test_v171_regressions" name="test_reasoning_deliverable_is_not_counted_as_concrete_execution" time="0.000" /><testcase classname="tests.unit.test_v171_regressions" name="test_real_tool_call_is_counted_as_concrete_execution" time="0.000" /><testcase classname="tests.unit.test_v171_regressions" name="test_openai_compatible_provider_cannot_inherit_deepseek_official_claim" time="0.001" /><testcase classname="tests.unit.test_v171_regressions" name="test_windows_launcher_regression_contract" time="0.000" /><testcase classname="tests.unit.test_v17_regressions" name="test_generic_task_cannot_pass_by_echoing_its_own_acceptance" time="0.001" /><testcase classname="tests.unit.test_v17_regressions" name="test_sqlite_run_can_resume_after_process_restart_at_ready_boundary" time="0.012" /><testcase classname="tests.unit.test_v17_regressions" name="test_restart_does_not_blindly_repeat_unknown_side_effect" time="0.006" /><testcase classname="tests.unit.test_v17_regressions" name="test_reference_split_runs_from_source_tree_without_editable_install" time="0.609" /><testcase classname="tests.unit.test_v180_validation_benchmarks" name="test_memory_ablation_keeps_estimates_separate_from_provider_tokens" time="0.002" /><testcase classname="tests.unit.test_v180_validation_benchmarks" name="test_scheduler_ablation_never_labels_fallback_as_ortools" time="0.011" /><testcase classname="tests.unit.test_v190_productization" name="test_templates_prefill_in_frontend_and_do_not_directly_launch_scenario" time="0.001" /><testcase classname="tests.unit.test_v190_productization" name="test_artifacts_can_be_strictly_scoped_to_current_run" time="0.002" /><testcase classname="tests.unit.test_v190_productization" name="test_status_separates_task_runs_from_experiments" time="0.002" /><testcase classname="tests.unit.test_v190_productization" name="test_persisted_capability_never_suppresses_new_process_adapter_binding" time="0.006" /><testcase classname="tests.unit.test_verifier_recovery" name="test_verifier_is_independent_and_evidence_manifest_is_hash_backed" time="0.009" /><testcase classname="tests.unit.test_verifier_recovery" name="test_recovery_retries_only_failed_node_and_keeps_descendant_unexecuted" time="1.209" /><testcase classname="tests.unit.test_verifier_recovery" name="test_replan_invalidates_only_impact_closure_and_releases_root" time="0.034" /><testcase classname="tests.unit.test_verifier_recovery" name="test_safe_stop_pauses_high_risk_failure_instead_of_guessing" time="0.003" /><testcase classname="tests.unit.test_verifier_recovery" name="test_rollback_executes_declared_compensation_then_replans_affected_subgraph" time="0.007" /><testcase classname="tests.unit.todag.test_todag.GoalSpecContractTests" name="test_enriched_values_are_preserved_inside_six_fields" time="0.001" /><testcase classname="tests.unit.todag.test_todag.GoalSpecContractTests" name="test_top_level_contract_is_exactly_six_fields" time="0.003" /><testcase classname="tests.unit.todag.test_todag.ToDAGEngineTests" name="test_build_has_typed_taskgraph_and_execution_projection" time="0.004" /><testcase classname="tests.unit.todag.test_todag.ToDAGEngineTests" name="test_dependency_completion_order_is_guarded" time="0.002" /><testcase classname="tests.unit.todag.test_todag.ToDAGEngineTests" name="test_enriched_goalspec_drives_dependencies_predicates_and_placement" time="0.003" /><testcase classname="tests.unit.todag.test_todag.ToDAGEngineTests" name="test_goalspec_change_adds_branch_without_restarting_unchanged_branch" time="0.009" /><testcase classname="tests.unit.todag.test_todag.ToDAGEngineTests" name="test_graph_queries_scale_to_1000_nodes" time="0.029" /><testcase classname="tests.unit.todag.test_todag.ToDAGEngineTests" name="test_input_contract_rejects_missing_fields" time="0.000" /><testcase classname="tests.unit.todag.test_todag.ToDAGEngineTests" name="test_invalid_cycle_update_is_atomic" time="0.004" /><testcase classname="tests.unit.todag.test_todag.ToDAGEngineTests" name="test_missing_acceptance_conditions_blocks_execution_export" time="0.001" /><testcase classname="tests.unit.todag.test_todag.ToDAGEngineTests" name="test_update_recomputes_only_changed_branch_and_final_gate" time="0.010" /><testcase classname="tests.integration.test_authoritative_main_chain" name="test_handbook_main_chain_and_contracts" time="0.340" /><testcase classname="tests.integration.test_authoritative_main_chain" name="test_dynamic_registry_bridge_updates_scheduler_liveness" time="0.003" /><testcase classname="tests.integration.test_authoritative_main_chain" name="test_evidence_invalidation_replans_only_execution_impact_closure" time="0.611" /><testcase classname="tests.integration.test_deepseek_http_main_chain" name="test_real_openai_compatible_http_path_for_goal_and_agents" time="0.706" /><testcase classname="tests.integration.test_financial_research_scenario" name="test_financial_research_scenario_runs_goal_to_verified_report" time="3.181" /><testcase classname="tests.integration.test_live_fault_injection" name="test_live_tool_failure_is_consumed_by_runtime_and_recovers" time="7.230" /><testcase classname="tests.integration.test_live_fault_injection" name="test_live_agent_offline_reroutes_to_registered_backup" time="7.324" /><testcase classname="tests.integration.test_ros_repair_scenario" name="test_ros_repair_scenario_runs_goal_to_verified_report" time="7.538" /></testsuite></testsuites>